<?xml version="1.0" encoding="UTF-8"?>
<!-- Generated by org.testng.reporters.JUnitReportReporter -->
<testsuite hostname="LAPTOP-7N50JD64" name="com.test.Test9" tests="5" failures="0" timestamp="24 Apr 2022 14:36:18 GMT" time="0.047" errors="0">
  <testcase name="m3" time="0.003" classname="com.test.Test9"/>
  <testcase name="m5" time="0.018" classname="com.test.Test9"/>
  <testcase name="m5" time="0.005" classname="com.test.Test9"/>
  <testcase name="chormeBrowser" time="0.020" classname="com.test.Test9"/>
  <testcase name="m2" time="0.001" classname="com.test.Test9"/>
</testsuite> <!-- com.test.Test9 -->
