<?xml version="1.0" encoding="UTF-8"?>
<!-- Generated by org.testng.reporters.JUnitReportReporter -->
<testsuite hostname="LAPTOP-7N50JD64" name="com.test.Test4" tests="1" failures="0" timestamp="22 Apr 2022 16:06:54 GMT" time="0.009" errors="0">
  <testcase name="m1" time="0.009" classname="com.test.Test4"/>
</testsuite> <!-- com.test.Test4 -->
