<?xml version="1.0" encoding="UTF-8"?>
<!-- Generated by org.testng.reporters.JUnitReportReporter -->
<testsuite hostname="LAPTOP-7N50JD64" name="com.test.Test5" tests="1" failures="0" timestamp="22 Apr 2022 16:06:54 GMT" time="0.012" errors="0">
  <testcase name="m2" time="0.012" classname="com.test.Test5"/>
</testsuite> <!-- com.test.Test5 -->
