<?xml version="1.0" encoding="UTF-8"?>
<!-- Generated by org.testng.reporters.JUnitReportReporter -->
<testsuite hostname="LAPTOP-7N50JD64" name="com.test.Test8" tests="1" failures="0" timestamp="24 Apr 2022 14:07:21 GMT" time="0.004" errors="0">
  <testcase name="firefoxBrowser" time="0.004" classname="com.test.Test8"/>
</testsuite> <!-- com.test.Test8 -->
