<?xml version="1.0" encoding="UTF-8"?>
<!-- Generated by org.testng.reporters.JUnitReportReporter -->
<testsuite hostname="LAPTOP-7N50JD64" name="com.test.Test6" tests="2" failures="0" timestamp="22 Apr 2022 16:06:54 GMT" time="0.030" errors="0">
  <testcase name="facebookLoginTest" time="0.006" classname="com.test.Test6"/>
  <testcase name="amazonLoginTest" time="0.024" classname="com.test.Test6"/>
</testsuite> <!-- com.test.Test6 -->
