<?xml version="1.0" encoding="UTF-8"?>
<!-- Generated by org.testng.reporters.JUnitReportReporter -->
<testsuite hostname="LAPTOP-7N50JD64" name="com.test.Test10" tests="1" failures="0" timestamp="24 Apr 2022 14:34:34 GMT" time="0.007" errors="0">
  <testcase name="m4" time="0.007" classname="com.test.Test10"/>
</testsuite> <!-- com.test.Test10 -->
