<?xml version="1.0" encoding="UTF-8"?>
<!-- Generated by org.testng.reporters.JUnitReportReporter -->
<testsuite hostname="LAPTOP-7N50JD64" name="com.test.Test7" tests="1" failures="0" timestamp="24 Apr 2022 14:07:21 GMT" time="0.056" errors="0">
  <testcase name="chormeBrowser" time="0.056" classname="com.test.Test7"/>
</testsuite> <!-- com.test.Test7 -->
