<?xml version="1.0" encoding="UTF-8"?>
<!-- Generated by org.testng.reporters.JUnitReportReporter -->
<testsuite hostname="LAPTOP-7N50JD64" name="com.test.DataProviderTest" tests="2" failures="0" timestamp="24 Apr 2022 15:04:35 GMT" time="19.701" errors="0">
  <testcase name="login_test" time="8.456" classname="com.test.DataProviderTest"/>
  <testcase name="login_test" time="11.245" classname="com.test.DataProviderTest"/>
</testsuite> <!-- com.test.DataProviderTest -->
